<?xml version="1.0" encoding="UTF-8"?>
<!-- Generated by org.testng.reporters.JUnitReportReporter -->
<testsuite hostname="DESKTOP-8LEQ49H" failures="0" tests="1" name="com.TestCase.Login_Yahoo" time="19.347" errors="0" timestamp="30 Mar 2021 13:13:31 GMT" skipped="0">
  <testcase classname="com.TestCase.Login_Yahoo" name="loginYahoo" time="19.347"/>
</testsuite> <!-- com.TestCase.Login_Yahoo -->
