<?xml version="1.0" encoding="UTF-8"?>
<!-- Generated by org.testng.reporters.JUnitReportReporter -->
<testsuite hostname="DESKTOP-8LEQ49H" failures="0" tests="1" name="shwapno.Shwapno" time="27.720" errors="0" timestamp="16 Feb 2021 14:15:22 GMT" skipped="0">
  <testcase classname="shwapno.Shwapno" name="chooseLocation" time="27.720"/>
</testsuite> <!-- shwapno.Shwapno -->
