<?xml version="1.0" encoding="UTF-8"?>
<!-- Generated by org.testng.reporters.JUnitReportReporter -->
<testsuite hostname="DESKTOP-8LEQ49H" failures="0" tests="1" name="classic_car.Login" time="40.245" errors="0" timestamp="16 Feb 2021 13:15:41 GMT" skipped="0">
  <testcase classname="classic_car.Login" name="loginAccount" time="40.245"/>
</testsuite> <!-- classic_car.Login -->
