<?xml version="1.0" encoding="UTF-8"?>
<!-- Generated by org.testng.reporters.JUnitReportReporter -->
<testsuite hostname="DESKTOP-8LEQ49H" failures="0" tests="4" name="TestNG.Annotation.TestNG_Annotation_02" time="0.003" errors="0" timestamp="02 Apr 2021 16:36:54 GMT" skipped="0">
  <testcase classname="TestNG.Annotation.TestNG_Annotation_02" name="testA" time="0.002"/>
  <testcase classname="TestNG.Annotation.TestNG_Annotation_02" name="testC" time="0.001"/>
  <testcase classname="TestNG.Annotation.TestNG_Annotation_02" name="testB" time="0.000"/>
  <testcase classname="TestNG.Annotation.TestNG_Annotation_02" name="testD" time="0.000"/>
</testsuite> <!-- TestNG.Annotation.TestNG_Annotation_02 -->
