<?xml version="1.0" encoding="UTF-8"?>
<!-- Generated by org.testng.reporters.JUnitReportReporter -->
<testsuite hostname="DESKTOP-8LEQ49H" failures="0" tests="1" name="selenium.iframe.Iframe" time="5.600" errors="0" timestamp="2021-02-17T11:30:26 BDT" skipped="0">
  <testcase classname="selenium.iframe.Iframe" name="iframe" time="5.600"/>
  <system-out/>
</testsuite> <!-- selenium.iframe.Iframe -->
