<?xml version="1.0" encoding="UTF-8"?>
<!-- Generated by org.testng.reporters.JUnitReportReporter -->
<testsuite hostname="DESKTOP-AEI6VM2" failures="0" tests="1" name="com.ebrahim.selenium.iframe.Iframe" time="8.019" errors="0" timestamp="2021-02-16T11:13:57 BDT" skipped="0">
  <testcase classname="com.ebrahim.selenium.iframe.Iframe" name="iframe" time="8.019"/>
  <system-out/>
</testsuite> <!-- com.ebrahim.selenium.iframe.Iframe -->
