<?xml version="1.0" encoding="UTF-8"?>
<!-- Generated by org.testng.reporters.JUnitReportReporter -->
<testsuite hostname="DESKTOP-8LEQ49H" failures="0" tests="2" name="asa_college_edu.TestNG_1st" time="0.040" errors="0" timestamp="16 Feb 2021 14:58:20 GMT" skipped="0">
  <testcase classname="asa_college_edu.TestNG_1st" name="testA" time="0.022"/>
  <testcase classname="asa_college_edu.TestNG_1st" name="testB" time="0.018"/>
</testsuite> <!-- asa_college_edu.TestNG_1st -->
