<?xml version="1.0" encoding="UTF-8"?>
<!-- Generated by org.testng.reporters.JUnitReportReporter -->
<testsuite hostname="DESKTOP-8LEQ49H" failures="0" tests="2" name="asa_college_edu.TestNG_2nd" time="0.074" errors="0" timestamp="16 Feb 2021 14:58:20 GMT" skipped="0">
  <testcase classname="asa_college_edu.TestNG_2nd" name="testC" time="0.020"/>
  <testcase classname="asa_college_edu.TestNG_2nd" name="testD" time="0.054"/>
</testsuite> <!-- asa_college_edu.TestNG_2nd -->
