<?xml version="1.0" encoding="UTF-8"?>
<testsuite name="TestSeleniumJUnit" tests="1" skipped="0" failures="0" errors="0" timestamp="2021-11-13T17:25:59" hostname="DESKTOP-JVIQDQ0" time="3.845">
  <properties/>
  <testcase name="readExcelFile" classname="TestSeleniumJUnit" time="3.845"/>
  <system-out><![CDATA[Name|| 
Address|| 

Omar|| 
Dhaka|| 

Rana|| 
Bogra|| 

]]></system-out>
  <system-err><![CDATA[1636824360350	geckodriver	INFO	Listening on 127.0.0.1:42348
1636824360975	mozrunner::runner	INFO	Running command: "C:\\Program Files\\Mozilla Firefox\\firefox.exe" "--marionette" "--headed" "-no-remote" "-profile" "C:\\Users\\MDC748~1.SOL\\AppData\\Local\\Temp\\rust_mozprofilez8nONL"
1636824361192	Marionette	INFO	Marionette enabled
console.warn: SearchSettings: "get: No settings file exists, new profile?" (new NotFoundError("Could not open the file at C:\\Users\\Md. Soliman Ali\\AppData\\Local\\Temp\\rust_mozprofilez8nONL\\search.json.mozlz4", (void 0)))
1636824362770	Marionette	INFO	Listening on port 1078
1636824362990	RemoteAgent	WARN	TLS certificate errors will be ignored for this session
Nov 13, 2021 11:26:03 PM org.openqa.selenium.remote.ProtocolHandshake createSession
INFO: Detected dialect: W3C
1636824363421	Marionette	INFO	Stopped listening on port 1078
console.error: Region.jsm: "Error fetching region" (new TypeError("NetworkError when attempting to fetch resource.", ""))
console.error: Region.jsm: "Failed to fetch region" (new Error("NO_RESULT", "resource://gre/modules/Region.jsm", 419))
]]></system-err>
</testsuite>
